<?xml version="1.0" encoding="utf-8"?>
<test-run id="2" testcasecount="27" result="Passed" total="27" passed="27" failed="0" inconclusive="0" skipped="0" asserts="0" engine-version="3.5.0.0" clr-version="4.0.30319.42000" start-time="0001-01-01 00:00:00Z" end-time="0001-01-01 00:00:00Z" duration="0.4543309">
  <test-suite type="TestSuite" id="1000" name="TWG-MetVanDamn" fullname="TWG-MetVanDamn" runstate="Runnable" testcasecount="27" result="Passed" start-time="2025-08-22 19:20:23Z" end-time="2025-08-22 19:20:24Z" duration="0.454331" total="27" passed="27" failed="0" inconclusive="0" skipped="0" asserts="0"><properties><property name="platform" value="PlayMode"></property></properties><test-suite type="Assembly" id="1015" name="TinyWalnutGames.MetVD.Core.Tests.dll" fullname="E:/Tiny_Walnut_Games/TWG-MetVanDamn/Temp/UnityTempFile-084b77faad4927a479a66cf601f894df/PlayerWithTests/PlayerWithTests_Data/Managed/TinyWalnutGames.MetVD.Core.Tests.dll" runstate="Runnable" testcasecount="12" result="Passed" start-time="2025-08-22 19:20:23Z" end-time="2025-08-22 19:20:23Z" duration="0.103312" total="12" passed="12" failed="0" inconclusive="0" skipped="0" asserts="0"><properties><property name="_PID" value="7092"></property><property name="_APPDOMAIN" value="Unity Root Domain"></property><property name="platform" value="PlayMode"></property><property name="EditorOnly" value="False"></property></properties><test-suite type="TestSuite" id="1016" name="TinyWalnutGames" fullname="TinyWalnutGames" runstate="Runnable" testcasecount="12" result="Passed" start-time="2025-08-22 19:20:23Z" end-time="2025-08-22 19:20:23Z" duration="0.096980" total="12" passed="12" failed="0" inconclusive="0" skipped="0" asserts="0"><properties></properties><test-suite type="TestSuite" id="1017" name="MetVD" fullname="TinyWalnutGames.MetVD" runstate="Runnable" testcasecount="12" result="Passed" start-time="2025-08-22 19:20:23Z" end-time="2025-08-22 19:20:23Z" duration="0.085277" total="12" passed="12" failed="0" inconclusive="0" skipped="0" asserts="0"><properties></properties><test-suite type="TestSuite" id="1018" name="Tests" fullname="TinyWalnutGames.MetVD.Tests" runstate="Runnable" testcasecount="12" result="Passed" start-time="2025-08-22 19:20:23Z" end-time="2025-08-22 19:20:23Z" duration="0.067260" total="12" passed="12" failed="0" inconclusive="0" skipped="0" asserts="0"><properties></properties><test-suite type="TestFixture" id="1001" name="GateConditionTests" fullname="TinyWalnutGames.MetVD.Tests.GateConditionTests" classname="TinyWalnutGames.MetVD.Tests.GateConditionTests" runstate="Runnable" testcasecount="7" result="Passed" start-time="2025-08-22 19:20:23Z" end-time="2025-08-22 19:20:23Z" duration="0.043384" total="7" passed="7" failed="0" inconclusive="0" skipped="0" asserts="0"><properties></properties><test-case id="1008" name="AnyPolarityRequirement_PassesWithAny" fullname="TinyWalnutGames.MetVD.Tests.GateConditionTests.AnyPolarityRequirement_PassesWithAny" methodname="AnyPolarityRequirement_PassesWithAny" classname="TinyWalnutGames.MetVD.Tests.GateConditionTests" runstate="Runnable" seed="502741842" result="Passed" start-time="2025-08-22 19:20:23Z" end-time="2025-08-22 19:20:23Z" duration="0.014126" asserts="0"><properties><property name="retryIteration" value="0"></property><property name="repeatIteration" value="0"></property></properties></test-case><test-case id="1003" name="CanPass_ActiveHardGate_RequiresAll" fullname="TinyWalnutGames.MetVD.Tests.GateConditionTests.CanPass_ActiveHardGate_RequiresAll" methodname="CanPass_ActiveHardGate_RequiresAll" classname="TinyWalnutGames.MetVD.Tests.GateConditionTests" runstate="Runnable" seed="1508270228" result="Passed" start-time="2025-08-22 19:20:23Z" end-time="2025-08-22 19:20:23Z" duration="0.000469" asserts="0"><properties><property name="retryIteration" value="0"></property><property name="repeatIteration" value="0"></property></properties></test-case><test-case id="1004" name="CanPass_InactiveOrUnlocked_AlwaysTrue" fullname="TinyWalnutGames.MetVD.Tests.GateConditionTests.CanPass_InactiveOrUnlocked_AlwaysTrue" methodname="CanPass_InactiveOrUnlocked_AlwaysTrue" classname="TinyWalnutGames.MetVD.Tests.GateConditionTests" runstate="Runnable" seed="1917756087" result="Passed" start-time="2025-08-22 19:20:23Z" end-time="2025-08-22 19:20:23Z" duration="0.000229" asserts="0"><properties><property name="retryIteration" value="0"></property><property name="repeatIteration" value="0"></property></properties></test-case><test-case id="1005" name="CanPass_SoftGate_BypassesWithSkill" fullname="TinyWalnutGames.MetVD.Tests.GateConditionTests.CanPass_SoftGate_BypassesWithSkill" methodname="CanPass_SoftGate_BypassesWithSkill" classname="TinyWalnutGames.MetVD.Tests.GateConditionTests" runstate="Runnable" seed="451770197" result="Passed" start-time="2025-08-22 19:20:23Z" end-time="2025-08-22 19:20:23Z" duration="0.000181" asserts="0"><properties><property name="retryIteration" value="0"></property><property name="repeatIteration" value="0"></property></properties></test-case><test-case id="1006" name="CanPass_TrivialGate_EasyBypass" fullname="TinyWalnutGames.MetVD.Tests.GateConditionTests.CanPass_TrivialGate_EasyBypass" methodname="CanPass_TrivialGate_EasyBypass" classname="TinyWalnutGames.MetVD.Tests.GateConditionTests" runstate="Runnable" seed="1519673405" result="Passed" start-time="2025-08-22 19:20:23Z" end-time="2025-08-22 19:20:23Z" duration="0.000176" asserts="0"><properties><property name="retryIteration" value="0"></property><property name="repeatIteration" value="0"></property></properties></test-case><test-case id="1007" name="GetMissingRequirements_ReturnsExpectedMasks" fullname="TinyWalnutGames.MetVD.Tests.GateConditionTests.GetMissingRequirements_ReturnsExpectedMasks" methodname="GetMissingRequirements_ReturnsExpectedMasks" classname="TinyWalnutGames.MetVD.Tests.GateConditionTests" runstate="Runnable" seed="583040494" result="Passed" start-time="2025-08-22 19:20:23Z" end-time="2025-08-22 19:20:23Z" duration="0.004911" asserts="0"><properties><property name="retryIteration" value="0"></property><property name="repeatIteration" value="0"></property></properties></test-case><test-case id="1002" name="Polarity_AllSinglePairs_FormExpectedDualMask" fullname="TinyWalnutGames.MetVD.Tests.GateConditionTests.Polarity_AllSinglePairs_FormExpectedDualMask" methodname="Polarity_AllSinglePairs_FormExpectedDualMask" classname="TinyWalnutGames.MetVD.Tests.GateConditionTests" runstate="Runnable" seed="831857169" result="Passed" start-time="2025-08-22 19:20:23Z" end-time="2025-08-22 19:20:23Z" duration="0.000416" asserts="0"><properties><property name="retryIteration" value="0"></property><property name="repeatIteration" value="0"></property></properties></test-case></test-suite><test-suite type="TestFixture" id="1009" name="PolaritySystemTests" fullname="TinyWalnutGames.MetVD.Tests.PolaritySystemTests" classname="TinyWalnutGames.MetVD.Tests.PolaritySystemTests" runstate="Runnable" testcasecount="5" result="Passed" start-time="2025-08-22 19:20:23Z" end-time="2025-08-22 19:20:23Z" duration="0.005356" total="5" passed="5" failed="0" inconclusive="0" skipped="0" asserts="0"><properties></properties><test-case id="1011" name="PolarityAny_ShouldOrAllPoles" fullname="TinyWalnutGames.MetVD.Tests.PolaritySystemTests.PolarityAny_ShouldOrAllPoles" methodname="PolarityAny_ShouldOrAllPoles" classname="TinyWalnutGames.MetVD.Tests.PolaritySystemTests" runstate="Runnable" seed="2032447073" result="Passed" start-time="2025-08-22 19:20:23Z" end-time="2025-08-22 19:20:23Z" duration="0.001243" asserts="0"><properties><property name="retryIteration" value="0"></property><property name="repeatIteration" value="0"></property></properties></test-case><test-case id="1012" name="PolarityBitmasks_DualPolarityGates_ShouldWorkCorrectly" fullname="TinyWalnutGames.MetVD.Tests.PolaritySystemTests.PolarityBitmasks_DualPolarityGates_ShouldWorkCorrectly" methodname="PolarityBitmasks_DualPolarityGates_ShouldWorkCorrectly" classname="TinyWalnutGames.MetVD.Tests.PolaritySystemTests" runstate="Runnable" seed="1218368793" result="Passed" start-time="2025-08-22 19:20:23Z" end-time="2025-08-22 19:20:23Z" duration="0.000391" asserts="0"><properties><property name="retryIteration" value="0"></property><property name="repeatIteration" value="0"></property></properties></test-case><test-case id="1010" name="PolarityEnum_NoCollisions_ShouldHaveUniqueValues" fullname="TinyWalnutGames.MetVD.Tests.PolaritySystemTests.PolarityEnum_NoCollisions_ShouldHaveUniqueValues" methodname="PolarityEnum_NoCollisions_ShouldHaveUniqueValues" classname="TinyWalnutGames.MetVD.Tests.PolaritySystemTests" runstate="Runnable" seed="436368678" result="Passed" start-time="2025-08-22 19:20:23Z" end-time="2025-08-22 19:20:23Z" duration="0.000510" asserts="0"><properties><property name="retryIteration" value="0"></property><property name="repeatIteration" value="0"></property></properties></test-case><test-case id="1013" name="PolarityMatching_SingleVsDualPoles_ShouldMatchCorrectly" fullname="TinyWalnutGames.MetVD.Tests.PolaritySystemTests.PolarityMatching_SingleVsDualPoles_ShouldMatchCorrectly" methodname="PolarityMatching_SingleVsDualPoles_ShouldMatchCorrectly" classname="TinyWalnutGames.MetVD.Tests.PolaritySystemTests" runstate="Runnable" seed="1198308104" result="Passed" start-time="2025-08-22 19:20:23Z" end-time="2025-08-22 19:20:23Z" duration="0.000588" asserts="0"><properties><property name="retryIteration" value="0"></property><property name="repeatIteration" value="0"></property></properties></test-case><test-case id="1014" name="PolarityNone_ShouldBeZero" fullname="TinyWalnutGames.MetVD.Tests.PolaritySystemTests.PolarityNone_ShouldBeZero" methodname="PolarityNone_ShouldBeZero" classname="TinyWalnutGames.MetVD.Tests.PolaritySystemTests" runstate="Runnable" seed="1538389640" result="Passed" start-time="2025-08-22 19:20:23Z" end-time="2025-08-22 19:20:23Z" duration="0.000358" asserts="0"><properties><property name="retryIteration" value="0"></property><property name="repeatIteration" value="0"></property></properties></test-case></test-suite></test-suite></test-suite></test-suite></test-suite><test-suite type="Assembly" id="1037" name="TinyWalnutGames.MetVD.Graph.Tests.dll" fullname="E:/Tiny_Walnut_Games/TWG-MetVanDamn/Temp/UnityTempFile-084b77faad4927a479a66cf601f894df/PlayerWithTests/PlayerWithTests_Data/Managed/TinyWalnutGames.MetVD.Graph.Tests.dll" runstate="Runnable" testcasecount="15" result="Passed" start-time="2025-08-22 19:20:23Z" end-time="2025-08-22 19:20:24Z" duration="0.329320" total="15" passed="15" failed="0" inconclusive="0" skipped="0" asserts="0"><properties><property name="_PID" value="7092"></property><property name="_APPDOMAIN" value="Unity Root Domain"></property><property name="platform" value="PlayMode"></property><property name="EditorOnly" value="False"></property></properties><test-suite type="TestSuite" id="1038" name="TinyWalnutGames" fullname="TinyWalnutGames" runstate="Runnable" testcasecount="15" result="Passed" start-time="2025-08-22 19:20:23Z" end-time="2025-08-22 19:20:24Z" duration="0.326411" total="15" passed="15" failed="0" inconclusive="0" skipped="0" asserts="0"><properties></properties><test-suite type="TestSuite" id="1039" name="MetVD" fullname="TinyWalnutGames.MetVD" runstate="Runnable" testcasecount="15" result="Passed" start-time="2025-08-22 19:20:23Z" end-time="2025-08-22 19:20:24Z" duration="0.320092" total="15" passed="15" failed="0" inconclusive="0" skipped="0" asserts="0"><properties></properties><test-suite type="TestSuite" id="1040" name="Tests" fullname="TinyWalnutGames.MetVD.Tests" runstate="Runnable" testcasecount="15" result="Passed" start-time="2025-08-22 19:20:23Z" end-time="2025-08-22 19:20:24Z" duration="0.301722" total="15" passed="15" failed="0" inconclusive="0" skipped="0" asserts="0"><properties></properties><test-suite type="TestFixture" id="1019" name="DistrictWfcSystemTests" fullname="TinyWalnutGames.MetVD.Tests.DistrictWfcSystemTests" classname="TinyWalnutGames.MetVD.Tests.DistrictWfcSystemTests" runstate="Runnable" testcasecount="6" result="Passed" start-time="2025-08-22 19:20:23Z" end-time="2025-08-22 19:20:23Z" duration="0.074728" total="6" passed="6" failed="0" inconclusive="0" skipped="0" asserts="0"><properties></properties><test-case id="1023" name="EmptyCandidateBuffer_SetsContradiction" fullname="TinyWalnutGames.MetVD.Tests.DistrictWfcSystemTests.EmptyCandidateBuffer_SetsContradiction" methodname="EmptyCandidateBuffer_SetsContradiction" classname="TinyWalnutGames.MetVD.Tests.DistrictWfcSystemTests" runstate="Runnable" seed="1862613745" result="Passed" start-time="2025-08-22 19:20:23Z" end-time="2025-08-22 19:20:23Z" duration="0.039783" asserts="0"><properties><property name="retryIteration" value="0"></property><property name="repeatIteration" value="0"></property></properties></test-case><test-case id="1020" name="Initialization_AddsCandidates_SetsInProgress" fullname="TinyWalnutGames.MetVD.Tests.DistrictWfcSystemTests.Initialization_AddsCandidates_SetsInProgress" methodname="Initialization_AddsCandidates_SetsInProgress" classname="TinyWalnutGames.MetVD.Tests.DistrictWfcSystemTests" runstate="Runnable" seed="272862848" result="Passed" start-time="2025-08-22 19:20:23Z" end-time="2025-08-22 19:20:23Z" duration="0.001397" asserts="0"><properties><property name="retryIteration" value="0"></property><property name="repeatIteration" value="0"></property></properties></test-case><test-case id="1024" name="MissingCandidateBuffer_MarksFailed" fullname="TinyWalnutGames.MetVD.Tests.DistrictWfcSystemTests.MissingCandidateBuffer_MarksFailed" methodname="MissingCandidateBuffer_MarksFailed" classname="TinyWalnutGames.MetVD.Tests.DistrictWfcSystemTests" runstate="Runnable" seed="2115275948" result="Passed" start-time="2025-08-22 19:20:23Z" end-time="2025-08-22 19:20:23Z" duration="0.001049" asserts="0"><properties><property name="retryIteration" value="0"></property><property name="repeatIteration" value="0"></property></properties></test-case><test-case id="1025" name="OverIterationThreshold_TriggersRandomCollapse" fullname="TinyWalnutGames.MetVD.Tests.DistrictWfcSystemTests.OverIterationThreshold_TriggersRandomCollapse" methodname="OverIterationThreshold_TriggersRandomCollapse" classname="TinyWalnutGames.MetVD.Tests.DistrictWfcSystemTests" runstate="Runnable" seed="2117475990" result="Passed" start-time="2025-08-22 19:20:23Z" end-time="2025-08-22 19:20:23Z" duration="0.004063" asserts="0"><properties><property name="retryIteration" value="0"></property><property name="repeatIteration" value="0"></property></properties></test-case><test-case id="1021" name="Progression_IncrementsIteration_EntropyReflectsCandidateCount" fullname="TinyWalnutGames.MetVD.Tests.DistrictWfcSystemTests.Progression_IncrementsIteration_EntropyReflectsCandidateCount" methodname="Progression_IncrementsIteration_EntropyReflectsCandidateCount" classname="TinyWalnutGames.MetVD.Tests.DistrictWfcSystemTests" runstate="Runnable" seed="391082579" result="Passed" start-time="2025-08-22 19:20:23Z" end-time="2025-08-22 19:20:23Z" duration="0.004795" asserts="0"><properties><property name="retryIteration" value="0"></property><property name="repeatIteration" value="0"></property></properties></test-case><test-case id="1022" name="SingleCandidate_CollapsesToCompleted" fullname="TinyWalnutGames.MetVD.Tests.DistrictWfcSystemTests.SingleCandidate_CollapsesToCompleted" methodname="SingleCandidate_CollapsesToCompleted" classname="TinyWalnutGames.MetVD.Tests.DistrictWfcSystemTests" runstate="Runnable" seed="1660536317" result="Passed" start-time="2025-08-22 19:20:23Z" end-time="2025-08-22 19:20:23Z" duration="0.005696" asserts="0"><properties><property name="retryIteration" value="0"></property><property name="repeatIteration" value="0"></property></properties></test-case></test-suite><test-suite type="TestFixture" id="1026" name="SectorRefineSystemTests" fullname="TinyWalnutGames.MetVD.Tests.SectorRefineSystemTests" classname="TinyWalnutGames.MetVD.Tests.SectorRefineSystemTests" runstate="Runnable" testcasecount="5" result="Passed" start-time="2025-08-22 19:20:23Z" end-time="2025-08-22 19:20:23Z" duration="0.019423" total="5" passed="5" failed="0" inconclusive="0" skipped="0" asserts="0"><properties></properties><test-case id="1029" name="LockPlacement_AddsHardLocks_AndAdvancesToPathValidation" fullname="TinyWalnutGames.MetVD.Tests.SectorRefineSystemTests.LockPlacement_AddsHardLocks_AndAdvancesToPathValidation" methodname="LockPlacement_AddsHardLocks_AndAdvancesToPathValidation" classname="TinyWalnutGames.MetVD.Tests.SectorRefineSystemTests" runstate="Runnable" seed="100084730" result="Passed" start-time="2025-08-22 19:20:23Z" end-time="2025-08-22 19:20:23Z" duration="0.007492" asserts="0"><properties><property name="retryIteration" value="0"></property><property name="repeatIteration" value="0"></property></properties></test-case><test-case id="1028" name="LoopCreation_PhaseAdvances_WhenTargetLoopsAlreadyReached" fullname="TinyWalnutGames.MetVD.Tests.SectorRefineSystemTests.LoopCreation_PhaseAdvances_WhenTargetLoopsAlreadyReached" methodname="LoopCreation_PhaseAdvances_WhenTargetLoopsAlreadyReached" classname="TinyWalnutGames.MetVD.Tests.SectorRefineSystemTests" runstate="Runnable" seed="1069578647" result="Passed" start-time="2025-08-22 19:20:23Z" end-time="2025-08-22 19:20:23Z" duration="0.003047" asserts="0"><properties><property name="retryIteration" value="0"></property><property name="repeatIteration" value="0"></property></properties></test-case><test-case id="1030" name="PathValidation_Completes_WhenLoopsAndLocksPresent" fullname="TinyWalnutGames.MetVD.Tests.SectorRefineSystemTests.PathValidation_Completes_WhenLoopsAndLocksPresent" methodname="PathValidation_Completes_WhenLoopsAndLocksPresent" classname="TinyWalnutGames.MetVD.Tests.SectorRefineSystemTests" runstate="Runnable" seed="1641318554" result="Passed" start-time="2025-08-22 19:20:23Z" end-time="2025-08-22 19:20:23Z" duration="0.001628" asserts="0"><properties><property name="retryIteration" value="0"></property><property name="repeatIteration" value="0"></property></properties></test-case><test-case id="1031" name="PathValidation_Fails_WhenNoLoopsOrLocks" fullname="TinyWalnutGames.MetVD.Tests.SectorRefineSystemTests.PathValidation_Fails_WhenNoLoopsOrLocks" methodname="PathValidation_Fails_WhenNoLoopsOrLocks" classname="TinyWalnutGames.MetVD.Tests.SectorRefineSystemTests" runstate="Runnable" seed="1878035903" result="Passed" start-time="2025-08-22 19:20:23Z" end-time="2025-08-22 19:20:23Z" duration="0.001477" asserts="0"><properties><property name="retryIteration" value="0"></property><property name="repeatIteration" value="0"></property></properties></test-case><test-case id="1027" name="PlanningPhase_Completes_WhenWfcCompleted" fullname="TinyWalnutGames.MetVD.Tests.SectorRefineSystemTests.PlanningPhase_Completes_WhenWfcCompleted" methodname="PlanningPhase_Completes_WhenWfcCompleted" classname="TinyWalnutGames.MetVD.Tests.SectorRefineSystemTests" runstate="Runnable" seed="2061907814" result="Passed" start-time="2025-08-22 19:20:23Z" end-time="2025-08-22 19:20:23Z" duration="0.001920" asserts="0"><properties><property name="retryIteration" value="0"></property><property name="repeatIteration" value="0"></property></properties></test-case></test-suite><test-suite type="TestFixture" id="1032" name="WfcSystemTests" fullname="TinyWalnutGames.MetVD.Tests.WfcSystemTests" classname="TinyWalnutGames.MetVD.Tests.WfcSystemTests" runstate="Runnable" testcasecount="4" result="Passed" start-time="2025-08-22 19:20:23Z" end-time="2025-08-22 19:20:24Z" duration="0.189025" total="4" passed="4" failed="0" inconclusive="0" skipped="0" asserts="0"><properties></properties><test-case id="1035" name="WfcBiomeValidation_PolarityConstraints_ShouldEnforceCoherence" fullname="TinyWalnutGames.MetVD.Tests.WfcSystemTests.WfcBiomeValidation_PolarityConstraints_ShouldEnforceCoherence" methodname="WfcBiomeValidation_PolarityConstraints_ShouldEnforceCoherence" classname="TinyWalnutGames.MetVD.Tests.WfcSystemTests" runstate="Runnable" seed="1397050711" result="Passed" start-time="2025-08-22 19:20:23Z" end-time="2025-08-22 19:20:23Z" duration="0.002082" asserts="0"><properties><property name="retryIteration" value="0"></property><property name="repeatIteration" value="0"></property></properties></test-case><test-case id="1034" name="WfcConstraintPropagation_SocketCompatibility_ShouldValidateCorrectly" fullname="TinyWalnutGames.MetVD.Tests.WfcSystemTests.WfcConstraintPropagation_SocketCompatibility_ShouldValidateCorrectly" methodname="WfcConstraintPropagation_SocketCompatibility_ShouldValidateCorrectly" classname="TinyWalnutGames.MetVD.Tests.WfcSystemTests" runstate="Runnable" seed="973548388" result="Passed" start-time="2025-08-22 19:20:23Z" end-time="2025-08-22 19:20:23Z" duration="0.001924" asserts="0"><properties><property name="retryIteration" value="0"></property><property name="repeatIteration" value="0"></property></properties></test-case><test-case id="1036" name="WfcGenerationStress_MultipleFrames_ShouldCompleteWithoutErrors" fullname="TinyWalnutGames.MetVD.Tests.WfcSystemTests.WfcGenerationStress_MultipleFrames_ShouldCompleteWithoutErrors" methodname="WfcGenerationStress_MultipleFrames_ShouldCompleteWithoutErrors" classname="TinyWalnutGames.MetVD.Tests.WfcSystemTests" runstate="Runnable" seed="908366999" result="Passed" start-time="2025-08-22 19:20:23Z" end-time="2025-08-22 19:20:24Z" duration="0.180607" asserts="0"><properties><property name="_JOINTYPE" value="UnityCombinatorial"></property><property name="retryIteration" value="0"></property><property name="repeatIteration" value="0"></property></properties></test-case><test-case id="1033" name="WfcSystem_ThreadSafety_ShouldUseParallelRandomArray" fullname="TinyWalnutGames.MetVD.Tests.WfcSystemTests.WfcSystem_ThreadSafety_ShouldUseParallelRandomArray" methodname="WfcSystem_ThreadSafety_ShouldUseParallelRandomArray" classname="TinyWalnutGames.MetVD.Tests.WfcSystemTests" runstate="Runnable" seed="1939171197" result="Passed" start-time="2025-08-22 19:20:24Z" end-time="2025-08-22 19:20:24Z" duration="0.001456" asserts="0"><properties><property name="retryIteration" value="0"></property><property name="repeatIteration" value="0"></property></properties></test-case></test-suite></test-suite></test-suite></test-suite></test-suite></test-suite>
</test-run>